<?xml version="1.0" encoding="UTF-8"?>
<!-- Generated by org.testng.reporters.JUnitXMLReporter -->
<testsuite ignored="3" hostname="LAPTOP-QSTR5B4A" failures="0" tests="1" name="Test(failed)(failed)" time="0.13" errors="0" timestamp="2022-06-24T13:52:30 IST">
  <testcase classname="Grouping.MyTestclass1" name="a" time="0.025"/>
  <testcase classname="Grouping.MyTestclass1" name="b" time="0.0">
    <ignored/>
  </testcase> <!-- b -->
  <testcase classname="Grouping.MyTestclass1" name="c" time="0.0">
    <ignored/>
  </testcase> <!-- c -->
  <testcase classname="Grouping.MyTestclass1" name="d" time="0.0">
    <ignored/>
  </testcase> <!-- d -->
</testsuite> <!-- Test(failed)(failed) -->
