<?xml version="1.0" encoding="UTF-8"?>
<!-- Generated by org.testng.reporters.JUnitXMLReporter -->
<testsuite ignored="0" hostname="LAPTOP-QSTR5B4A" failures="0" tests="1" name="firefox" time="0.091" errors="0" timestamp="2022-07-04T11:49:51 IST">
  <testcase classname="KiteTest.ValidateKiteUserProp" name="@BeforeClass launchBrowser" time="-1.656915591435E9">
    <failure type="org.testng.TestNGException" message="
Can inject only one of &amp;lt;ITestContext, XmlTest&amp;gt; into a @BeforeClass annotated launchBrowser.
For more information on native dependency injection please refer to https://testng.org/doc/documentation-main.html#native-dependency-injection">
      <![CDATA[org.testng.TestNGException: 
Can inject only one of <ITestContext, XmlTest> into a @BeforeClass annotated launchBrowser.
For more information on native dependency injection please refer to https://testng.org/doc/documentation-main.html#native-dependency-injection
at java.base/java.util.ArrayList.forEach(ArrayList.java:1541)
... Removed 22 stack frames]]>
    </failure>
  </testcase> <!-- @BeforeClass launchBrowser -->
  <testcase classname="KiteTest.ValidateKiteUserProp" name="@BeforeMethod loginToKiteApp" time="-1.656915591474E9">
    <skipped/>
  </testcase> <!-- @BeforeMethod loginToKiteApp -->
  <testcase classname="KiteTest.ValidateKiteUserProp" name="@AfterMethod logOutFromKite" time="-1.656915591485E9">
    <skipped/>
  </testcase> <!-- @AfterMethod logOutFromKite -->
  <testcase classname="KiteTest.ValidateKiteUserProp" name="@AfterClass closeBrowser" time="-1.656915591487E9">
    <skipped/>
  </testcase> <!-- @AfterClass closeBrowser -->
  <testcase classname="KiteTest.ValidateKiteUserProp" name="validateUserID" time="0.0">
    <skipped/>
  </testcase> <!-- validateUserID -->
</testsuite> <!-- firefox -->
