<?xml version="1.0" encoding="UTF-8"?>
<!-- Generated by org.testng.reporters.JUnitXMLReporter -->
<testsuite ignored="6" hostname="LAPTOP-QSTR5B4A" failures="1" tests="2" name="Test(failed)" time="0.154" errors="0" timestamp="2022-06-24T13:44:46 IST">
  <testcase classname="Grouping.MyTestClass2" name="p" time="0.022"/>
  <testcase classname="Grouping.MyTestclass1" name="a" time="0.007">
    <failure type="java.lang.AssertionError" message="null">
      <![CDATA[java.lang.AssertionError: null
at Grouping.MyTestclass1.a(MyTestclass1.java:11)
at java.base/java.util.ArrayList.forEach(ArrayList.java:1541)
... Removed 29 stack frames]]>
    </failure>
  </testcase> <!-- a -->
  <testcase classname="Grouping.MyTestClass2" name="s" time="0.0">
    <ignored/>
  </testcase> <!-- s -->
  <testcase classname="Grouping.MyTestclass1" name="b" time="0.0">
    <ignored/>
  </testcase> <!-- b -->
  <testcase classname="Grouping.MyTestclass1" name="c" time="0.0">
    <ignored/>
  </testcase> <!-- c -->
  <testcase classname="Grouping.MyTestClass2" name="r" time="0.0">
    <ignored/>
  </testcase> <!-- r -->
  <testcase classname="Grouping.MyTestClass2" name="q" time="0.0">
    <ignored/>
  </testcase> <!-- q -->
  <testcase classname="Grouping.MyTestclass1" name="d" time="0.0">
    <ignored/>
  </testcase> <!-- d -->
</testsuite> <!-- Test(failed) -->
